<?xml version="1.0" encoding="UTF-8"?>
<!-- Generated by org.testng.reporters.JUnitReportReporter -->
<testsuite skipped="0" hostname="VAIO" name="com.qualitesoft.testscripts.LogOut" tests="1" failures="0" timestamp="12 May 2021 08:04:23 GMT" time="17.624" errors="0">
  <testcase name="testLogOut" time="17.624" classname="com.qualitesoft.testscripts.LogOut"/>
</testsuite> <!-- com.qualitesoft.testscripts.LogOut -->
