<?xml version="1.0" encoding="UTF-8"?>
<!-- Generated by org.testng.reporters.JUnitReportReporter -->
<testsuite skipped="0" hostname="VAIO" name="com.qualitesoft.testscripts.MultiTrackingNotification" tests="1" failures="0" timestamp="12 May 2021 06:34:40 GMT" time="423.073" errors="0">
  <testcase name="lateDeliveryNotification" time="423.073" classname="com.qualitesoft.testscripts.MultiTrackingNotification"/>
</testsuite> <!-- com.qualitesoft.testscripts.MultiTrackingNotification -->
