<?xml version="1.0" encoding="UTF-8"?>
<!-- Generated by org.testng.reporters.JUnitReportReporter -->
<testsuite skipped="0" hostname="VAIO" name="com.qualitesoft.testscripts.LoginCR" tests="1" failures="0" timestamp="12 May 2021 08:04:23 GMT" time="53.763" errors="0">
  <testcase name="testLoginCR" time="53.763" classname="com.qualitesoft.testscripts.LoginCR"/>
</testsuite> <!-- com.qualitesoft.testscripts.LoginCR -->
