<?xml version="1.0" encoding="UTF-8"?>
<!-- Generated by org.testng.reporters.JUnitReportReporter -->
<testsuite skipped="0" hostname="VAIO" name="com.qualitesoft.testscripts.ProductPolicyCompliance" tests="1" failures="0" timestamp="12 May 2021 08:04:23 GMT" time="2673.931" errors="0">
  <testcase name="testGetPolicyComplianceDetails" time="2673.931" classname="com.qualitesoft.testscripts.ProductPolicyCompliance"/>
</testsuite> <!-- com.qualitesoft.testscripts.ProductPolicyCompliance -->
