<?xml version="1.0" encoding="UTF-8"?>
<!-- Generated by org.testng.reporters.JUnitReportReporter -->
<testsuite skipped="0" hostname="VAIO" name="com.qualitesoft.testscripts.LateDeliveryNotification" tests="1" failures="0" timestamp="12 May 2021 06:20:36 GMT" time="128.747" errors="0">
  <testcase name="lateDeliveryNotification" time="128.747" classname="com.qualitesoft.testscripts.LateDeliveryNotification"/>
</testsuite> <!-- com.qualitesoft.testscripts.LateDeliveryNotification -->
